# JRE version: Java(TM) SE Runtime Environment (8.0_241-b07) (build 1.8.0_241-b07)
# Java VM: Java HotSpot(TM) 64-Bit Server VM (25.241-b07 mixed mode windows-amd64 compressed oops)
Heap:
 PSYoungGen      total 105984K, used 87962K [0x0000000780f00000, 0x000000078de00000, 0x00000007c0000000)
  eden space 98304K, 89% used [0x0000000780f00000,0x00000007864e6b48,0x0000000786f00000)
  from space 7680K, 0% used [0x0000000786f00000,0x0000000786f00000,0x0000000787680000)
  to   space 7680K, 0% used [0x000000078d680000,0x000000078d680000,0x000000078de00000)
 ParOldGen       total 86016K, used 10264K [0x0000000702c00000, 0x0000000708000000, 0x0000000780f00000)
  object space 86016K, 11% used [0x0000000702c00000,0x0000000703606290,0x0000000708000000)
 Metaspace       used 25251K, capacity 26344K, committed 26496K, reserved 1073152K
  class space    used 3359K, capacity 3614K, committed 3712K, reserved 1048576K
GC Heap History (8 events):
Event: 1.759 GC heap before
{Heap before GC invocations=1 (full 0):
 PSYoungGen      total 56832K, used 49152K [0x0000000780f00000, 0x0000000784e00000, 0x00000007c0000000)
  eden space 49152K, 100% used [0x0000000780f00000,0x0000000783f00000,0x0000000783f00000)
  from space 7680K, 0% used [0x0000000784680000,0x0000000784680000,0x0000000784e00000)
  to   space 7680K, 0% used [0x0000000783f00000,0x0000000783f00000,0x0000000784680000)
 ParOldGen       total 130048K, used 0K [0x0000000702c00000, 0x000000070ab00000, 0x0000000780f00000)
  object space 130048K, 0% used [0x0000000702c00000,0x0000000702c00000,0x000000070ab00000)
 Metaspace       used 7723K, capacity 7986K, committed 8192K, reserved 1056768K
  class space    used 916K, capacity 1003K, committed 1024K, reserved 1048576K
Event: 1.780 GC heap after
Heap after GC invocations=1 (full 0):
 PSYoungGen      total 56832K, used 7658K [0x0000000780f00000, 0x0000000787e00000, 0x00000007c0000000)
  eden space 49152K, 0% used [0x0000000780f00000,0x0000000780f00000,0x0000000783f00000)
  from space 7680K, 99% used [0x0000000783f00000,0x000000078467abc0,0x0000000784680000)
  to   space 7680K, 0% used [0x0000000787680000,0x0000000787680000,0x0000000787e00000)
 ParOldGen       total 130048K, used 911K [0x0000000702c00000, 0x000000070ab00000, 0x0000000780f00000)
  object space 130048K, 0% used [0x0000000702c00000,0x0000000702ce3cc0,0x000000070ab00000)
 Metaspace       used 7723K, capacity 7986K, committed 8192K, reserved 1056768K
  class space    used 916K, capacity 1003K, committed 1024K, reserved 1048576K
}
Event: 3.209 GC heap before
{Heap before GC invocations=2 (full 0):
 PSYoungGen      total 56832K, used 56810K [0x0000000780f00000, 0x0000000787e00000, 0x00000007c0000000)
  eden space 49152K, 100% used [0x0000000780f00000,0x0000000783f00000,0x0000000783f00000)
  from space 7680K, 99% used [0x0000000783f00000,0x000000078467abc0,0x0000000784680000)
  to   space 7680K, 0% used [0x0000000787680000,0x0000000787680000,0x0000000787e00000)
 ParOldGen       total 130048K, used 911K [0x0000000702c00000, 0x000000070ab00000, 0x0000000780f00000)
  object space 130048K, 0% used [0x0000000702c00000,0x0000000702ce3cc0,0x000000070ab00000)
 Metaspace       used 12860K, capacity 13580K, committed 13824K, reserved 1060864K
  class space    used 1605K, capacity 1775K, committed 1792K, reserved 1048576K
Event: 3.228 GC heap after
Heap after GC invocations=2 (full 0):
 PSYoungGen      total 105984K, used 6264K [0x0000000780f00000, 0x0000000787e00000, 0x00000007c0000000)
  eden space 98304K, 0% used [0x0000000780f00000,0x0000000780f00000,0x0000000786f00000)
  from space 7680K, 81% used [0x0000000787680000,0x0000000787c9e0d8,0x0000000787e00000)
  to   space 7680K, 0% used [0x0000000786f00000,0x0000000786f00000,0x0000000787680000)
 ParOldGen       total 130048K, used 919K [0x0000000702c00000, 0x000000070ab00000, 0x0000000780f00000)
  object space 130048K, 0% used [0x0000000702c00000,0x0000000702ce5cc0,0x000000070ab00000)
 Metaspace       used 12860K, capacity 13580K, committed 13824K, reserved 1060864K
  class space    used 1605K, capacity 1775K, committed 1792K, reserved 1048576K
}
Event: 6.540 GC heap before
{Heap before GC invocations=3 (full 0):
 PSYoungGen      total 105984K, used 63273K [0x0000000780f00000, 0x0000000787e00000, 0x00000007c0000000)
  eden space 98304K, 57% used [0x0000000780f00000,0x00000007846ac638,0x0000000786f00000)
  from space 7680K, 81% used [0x0000000787680000,0x0000000787c9e0d8,0x0000000787e00000)
  to   space 7680K, 0% used [0x0000000786f00000,0x0000000786f00000,0x0000000787680000)
 ParOldGen       total 130048K, used 919K [0x0000000702c00000, 0x000000070ab00000, 0x0000000780f00000)
  object space 130048K, 0% used [0x0000000702c00000,0x0000000702ce5cc0,0x000000070ab00000)
 Metaspace       used 20386K, capacity 21228K, committed 21296K, reserved 1069056K
  class space    used 2587K, capacity 2793K, committed 2816K, reserved 1048576K
Event: 6.560 GC heap after
Heap after GC invocations=3 (full 0):
 PSYoungGen      total 105984K, used 7660K [0x0000000780f00000, 0x000000078de00000, 0x00000007c0000000)
  eden space 98304K, 0% used [0x0000000780f00000,0x0000000780f00000,0x0000000786f00000)
  from space 7680K, 99% used [0x0000000786f00000,0x000000078767b0f0,0x0000000787680000)
  to   space 7680K, 0% used [0x000000078d680000,0x000000078d680000,0x000000078de00000)
 ParOldGen       total 130048K, used 3969K [0x0000000702c00000, 0x000000070ab00000, 0x0000000780f00000)
  object space 130048K, 3% used [0x0000000702c00000,0x0000000702fe0748,0x000000070ab00000)
 Metaspace       used 20386K, capacity 21228K, committed 21296K, reserved 1069056K
  class space    used 2587K, capacity 2793K, committed 2816K, reserved 1048576K
}
Event: 6.560 GC heap before
{Heap before GC invocations=4 (full 1):
 PSYoungGen      total 105984K, used 7660K [0x0000000780f00000, 0x000000078de00000, 0x00000007c0000000)
  eden space 98304K, 0% used [0x0000000780f00000,0x0000000780f00000,0x0000000786f00000)
  from space 7680K, 99% used [0x0000000786f00000,0x000000078767b0f0,0x0000000787680000)
  to   space 7680K, 0% used [0x000000078d680000,0x000000078d680000,0x000000078de00000)
 ParOldGen       total 130048K, used 3969K [0x0000000702c00000, 0x000000070ab00000, 0x0000000780f00000)
  object space 130048K, 3% used [0x0000000702c00000,0x0000000702fe0748,0x000000070ab00000)
 Metaspace       used 20386K, capacity 21228K, committed 21296K, reserved 1069056K
  class space    used 2587K, capacity 2793K, committed 2816K, reserved 1048576K
Event: 6.617 GC heap after
Heap after GC invocations=4 (full 1):
 PSYoungGen      total 105984K, used 0K [0x0000000780f00000, 0x000000078de00000, 0x00000007c0000000)
  eden space 98304K, 0% used [0x0000000780f00000,0x0000000780f00000,0x0000000786f00000)
  from space 7680K, 0% used [0x0000000786f00000,0x0000000786f00000,0x0000000787680000)
  to   space 7680K, 0% used [0x000000078d680000,0x000000078d680000,0x000000078de00000)
 ParOldGen       total 86016K, used 10264K [0x0000000702c00000, 0x0000000708000000, 0x0000000780f00000)
  object space 86016K, 11% used [0x0000000702c00000,0x0000000703606290,0x0000000708000000)
 Metaspace       used 20386K, capacity 21228K, committed 21296K, reserved 1069056K
  class space    used 2587K, capacity 2793K, committed 2816K, reserved 1048576K
}

