# JRE version: Java(TM) SE Runtime Environment (8.0_241-b07) (build 1.8.0_241-b07)
# Java VM: Java HotSpot(TM) 64-Bit Server VM (25.241-b07 mixed mode windows-amd64 compressed oops)
Heap:
 PSYoungGen      total 328192K, used 73083K [0x0000000780f00000, 0x0000000796e80000, 0x00000007c0000000)
  eden space 311808K, 18% used [0x0000000780f00000,0x0000000784660e50,0x0000000793f80000)
  from space 16384K, 99% used [0x0000000795400000,0x00000007963fdee8,0x0000000796400000)
  to   space 20992K, 0% used [0x0000000793f80000,0x0000000793f80000,0x0000000795400000)
 ParOldGen       total 132096K, used 24180K [0x0000000702c00000, 0x000000070ad00000, 0x0000000780f00000)
  object space 132096K, 18% used [0x0000000702c00000,0x000000070439d3f8,0x000000070ad00000)
 Metaspace       used 51308K, capacity 54484K, committed 54784K, reserved 1095680K
  class space    used 7021K, capacity 7583K, committed 7680K, reserved 1048576K
GC Heap History (10 events):
Event: 16.232 GC heap before
{Heap before GC invocations=6 (full 1):
 PSYoungGen      total 157184K, used 157152K [0x0000000780f00000, 0x000000078de00000, 0x00000007c0000000)
  eden space 149504K, 100% used [0x0000000780f00000,0x000000078a100000,0x000000078a100000)
  from space 7680K, 99% used [0x000000078d680000,0x000000078ddf80b8,0x000000078de00000)
  to   space 7680K, 0% used [0x000000078cf00000,0x000000078cf00000,0x000000078d680000)
 ParOldGen       total 87040K, used 11048K [0x0000000702c00000, 0x0000000708100000, 0x0000000780f00000)
  object space 87040K, 12% used [0x0000000702c00000,0x00000007036ca010,0x0000000708100000)
 Metaspace       used 29853K, capacity 31272K, committed 31488K, reserved 1077248K
  class space    used 4004K, capacity 4314K, committed 4352K, reserved 1048576K
Event: 16.258 GC heap after
Heap after GC invocations=6 (full 1):
 PSYoungGen      total 204288K, used 7666K [0x0000000780f00000, 0x0000000790300000, 0x00000007c0000000)
  eden space 196608K, 0% used [0x0000000780f00000,0x0000000780f00000,0x000000078cf00000)
  from space 7680K, 99% used [0x000000078cf00000,0x000000078d67c9a8,0x000000078d680000)
  to   space 13312K, 0% used [0x000000078f600000,0x000000078f600000,0x0000000790300000)
 ParOldGen       total 87040K, used 15285K [0x0000000702c00000, 0x0000000708100000, 0x0000000780f00000)
  object space 87040K, 17% used [0x0000000702c00000,0x0000000703aed7f0,0x0000000708100000)
 Metaspace       used 29853K, capacity 31272K, committed 31488K, reserved 1077248K
  class space    used 4004K, capacity 4314K, committed 4352K, reserved 1048576K
}
Event: 17.694 GC heap before
{Heap before GC invocations=7 (full 1):
 PSYoungGen      total 204288K, used 56213K [0x0000000780f00000, 0x0000000790300000, 0x00000007c0000000)
  eden space 196608K, 24% used [0x0000000780f00000,0x0000000783e68ca0,0x000000078cf00000)
  from space 7680K, 99% used [0x000000078cf00000,0x000000078d67c9a8,0x000000078d680000)
  to   space 13312K, 0% used [0x000000078f600000,0x000000078f600000,0x0000000790300000)
 ParOldGen       total 87040K, used 15285K [0x0000000702c00000, 0x0000000708100000, 0x0000000780f00000)
  object space 87040K, 17% used [0x0000000702c00000,0x0000000703aed7f0,0x0000000708100000)
 Metaspace       used 33671K, capacity 35364K, committed 35416K, reserved 1079296K
  class space    used 4495K, capacity 4835K, committed 4864K, reserved 1048576K
Event: 17.717 GC heap after
Heap after GC invocations=7 (full 1):
 PSYoungGen      total 236544K, used 10600K [0x0000000780f00000, 0x0000000794e00000, 0x00000007c0000000)
  eden space 223232K, 0% used [0x0000000780f00000,0x0000000780f00000,0x000000078e900000)
  from space 13312K, 79% used [0x000000078f600000,0x000000079005a1a8,0x0000000790300000)
  to   space 13312K, 0% used [0x000000078e900000,0x000000078e900000,0x000000078f600000)
 ParOldGen       total 87040K, used 15293K [0x0000000702c00000, 0x0000000708100000, 0x0000000780f00000)
  object space 87040K, 17% used [0x0000000702c00000,0x0000000703aef7f0,0x0000000708100000)
 Metaspace       used 33671K, capacity 35364K, committed 35416K, reserved 1079296K
  class space    used 4495K, capacity 4835K, committed 4864K, reserved 1048576K
}
Event: 17.717 GC heap before
{Heap before GC invocations=8 (full 2):
 PSYoungGen      total 236544K, used 10600K [0x0000000780f00000, 0x0000000794e00000, 0x00000007c0000000)
  eden space 223232K, 0% used [0x0000000780f00000,0x0000000780f00000,0x000000078e900000)
  from space 13312K, 79% used [0x000000078f600000,0x000000079005a1a8,0x0000000790300000)
  to   space 13312K, 0% used [0x000000078e900000,0x000000078e900000,0x000000078f600000)
 ParOldGen       total 87040K, used 15293K [0x0000000702c00000, 0x0000000708100000, 0x0000000780f00000)
  object space 87040K, 17% used [0x0000000702c00000,0x0000000703aef7f0,0x0000000708100000)
 Metaspace       used 33671K, capacity 35364K, committed 35416K, reserved 1079296K
  class space    used 4495K, capacity 4835K, committed 4864K, reserved 1048576K
Event: 17.849 GC heap after
Heap after GC invocations=8 (full 2):
 PSYoungGen      total 236544K, used 0K [0x0000000780f00000, 0x0000000794e00000, 0x00000007c0000000)
  eden space 223232K, 0% used [0x0000000780f00000,0x0000000780f00000,0x000000078e900000)
  from space 13312K, 0% used [0x000000078f600000,0x000000078f600000,0x0000000790300000)
  to   space 13312K, 0% used [0x000000078e900000,0x000000078e900000,0x000000078f600000)
 ParOldGen       total 132096K, used 14763K [0x0000000702c00000, 0x000000070ad00000, 0x0000000780f00000)
  object space 132096K, 11% used [0x0000000702c00000,0x0000000703a6ac68,0x000000070ad00000)
 Metaspace       used 33671K, capacity 35364K, committed 35416K, reserved 1079296K
  class space    used 4495K, capacity 4835K, committed 4864K, reserved 1048576K
}
Event: 29.970 GC heap before
{Heap before GC invocations=9 (full 2):
 PSYoungGen      total 236544K, used 223232K [0x0000000780f00000, 0x0000000794e00000, 0x00000007c0000000)
  eden space 223232K, 100% used [0x0000000780f00000,0x000000078e900000,0x000000078e900000)
  from space 13312K, 0% used [0x000000078f600000,0x000000078f600000,0x0000000790300000)
  to   space 13312K, 0% used [0x000000078e900000,0x000000078e900000,0x000000078f600000)
 ParOldGen       total 132096K, used 14763K [0x0000000702c00000, 0x000000070ad00000, 0x0000000780f00000)
  object space 132096K, 11% used [0x0000000702c00000,0x0000000703a6ac68,0x000000070ad00000)
 Metaspace       used 41580K, capacity 44002K, committed 44160K, reserved 1087488K
  class space    used 5539K, capacity 5963K, committed 6016K, reserved 1048576K
Event: 30.012 GC heap after
Heap after GC invocations=9 (full 2):
 PSYoungGen      total 236544K, used 13298K [0x0000000780f00000, 0x0000000796400000, 0x00000007c0000000)
  eden space 223232K, 0% used [0x0000000780f00000,0x0000000780f00000,0x000000078e900000)
  from space 13312K, 99% used [0x000000078e900000,0x000000078f5fcb00,0x000000078f600000)
  to   space 16384K, 0% used [0x0000000795400000,0x0000000795400000,0x0000000796400000)
 ParOldGen       total 132096K, used 17554K [0x0000000702c00000, 0x000000070ad00000, 0x0000000780f00000)
  object space 132096K, 13% used [0x0000000702c00000,0x0000000703d249c0,0x000000070ad00000)
 Metaspace       used 41580K, capacity 44002K, committed 44160K, reserved 1087488K
  class space    used 5539K, capacity 5963K, committed 6016K, reserved 1048576K
}
Event: 41.429 GC heap before
{Heap before GC invocations=10 (full 2):
 PSYoungGen      total 236544K, used 236530K [0x0000000780f00000, 0x0000000796400000, 0x00000007c0000000)
  eden space 223232K, 100% used [0x0000000780f00000,0x000000078e900000,0x000000078e900000)
  from space 13312K, 99% used [0x000000078e900000,0x000000078f5fcb00,0x000000078f600000)
  to   space 16384K, 0% used [0x0000000795400000,0x0000000795400000,0x0000000796400000)
 ParOldGen       total 132096K, used 17554K [0x0000000702c00000, 0x000000070ad00000, 0x0000000780f00000)
  object space 132096K, 13% used [0x0000000702c00000,0x0000000703d249c0,0x000000070ad00000)
 Metaspace       used 47473K, capacity 50666K, committed 50944K, reserved 1093632K
  class space    used 6482K, capacity 7074K, committed 7168K, reserved 1048576K
Event: 41.546 GC heap after
Heap after GC invocations=10 (full 2):
 PSYoungGen      total 328192K, used 16375K [0x0000000780f00000, 0x0000000796e80000, 0x00000007c0000000)
  eden space 311808K, 0% used [0x0000000780f00000,0x0000000780f00000,0x0000000793f80000)
  from space 16384K, 99% used [0x0000000795400000,0x00000007963fdee8,0x0000000796400000)
  to   space 20992K, 0% used [0x0000000793f80000,0x0000000793f80000,0x0000000795400000)
 ParOldGen       total 132096K, used 24180K [0x0000000702c00000, 0x000000070ad00000, 0x0000000780f00000)
  object space 132096K, 18% used [0x0000000702c00000,0x000000070439d3f8,0x000000070ad00000)
 Metaspace       used 47473K, capacity 50666K, committed 50944K, reserved 1093632K
  class space    used 6482K, capacity 7074K, committed 7168K, reserved 1048576K
}

