# JRE version: Java(TM) SE Runtime Environment (8.0_241-b07) (build 1.8.0_241-b07)
# Java VM: Java HotSpot(TM) 64-Bit Server VM (25.241-b07 mixed mode windows-amd64 compressed oops)
Heap:
 PSYoungGen      total 213504K, used 65001K [0x0000000780f00000, 0x0000000794880000, 0x00000007c0000000)
  eden space 196608K, 26% used [0x0000000780f00000,0x0000000784160230,0x000000078cf00000)
  from space 16896K, 79% used [0x000000078e180000,0x000000078ee9a4d8,0x000000078f200000)
  to   space 18944K, 0% used [0x000000078cf00000,0x000000078cf00000,0x000000078e180000)
 ParOldGen       total 119296K, used 34737K [0x0000000702c00000, 0x000000070a080000, 0x0000000780f00000)
  object space 119296K, 29% used [0x0000000702c00000,0x0000000704dec5c0,0x000000070a080000)
 Metaspace       used 27735K, capacity 28510K, committed 28928K, reserved 1075200K
  class space    used 3261K, capacity 3488K, committed 3584K, reserved 1048576K
GC Heap History (10 events):
Event: 6.127 GC heap before
{Heap before GC invocations=5 (full 0):
 PSYoungGen      total 105984K, used 105968K [0x0000000780f00000, 0x0000000787e00000, 0x00000007c0000000)
  eden space 98304K, 100% used [0x0000000780f00000,0x0000000786f00000,0x0000000786f00000)
  from space 7680K, 99% used [0x0000000787680000,0x0000000787dfc030,0x0000000787e00000)
  to   space 7680K, 0% used [0x0000000786f00000,0x0000000786f00000,0x0000000787680000)
 ParOldGen       total 130048K, used 10278K [0x0000000702c00000, 0x000000070ab00000, 0x0000000780f00000)
  object space 130048K, 7% used [0x0000000702c00000,0x0000000703609b90,0x000000070ab00000)
 Metaspace       used 15665K, capacity 15882K, committed 16000K, reserved 1062912K
  class space    used 1822K, capacity 1919K, committed 1920K, reserved 1048576K
Event: 6.173 GC heap after
Heap after GC invocations=5 (full 0):
 PSYoungGen      total 105984K, used 7648K [0x0000000780f00000, 0x000000078f400000, 0x00000007c0000000)
  eden space 98304K, 0% used [0x0000000780f00000,0x0000000780f00000,0x0000000786f00000)
  from space 7680K, 99% used [0x0000000786f00000,0x0000000787678020,0x0000000787680000)
  to   space 18944K, 0% used [0x000000078e180000,0x000000078e180000,0x000000078f400000)
 ParOldGen       total 130048K, used 20863K [0x0000000702c00000, 0x000000070ab00000, 0x0000000780f00000)
  object space 130048K, 16% used [0x0000000702c00000,0x000000070405fd40,0x000000070ab00000)
 Metaspace       used 15665K, capacity 15882K, committed 16000K, reserved 1062912K
  class space    used 1822K, capacity 1919K, committed 1920K, reserved 1048576K
}
Event: 7.754 GC heap before
{Heap before GC invocations=6 (full 0):
 PSYoungGen      total 105984K, used 105952K [0x0000000780f00000, 0x000000078f400000, 0x00000007c0000000)
  eden space 98304K, 100% used [0x0000000780f00000,0x0000000786f00000,0x0000000786f00000)
  from space 7680K, 99% used [0x0000000786f00000,0x0000000787678020,0x0000000787680000)
  to   space 18944K, 0% used [0x000000078e180000,0x000000078e180000,0x000000078f400000)
 ParOldGen       total 130048K, used 20863K [0x0000000702c00000, 0x000000070ab00000, 0x0000000780f00000)
  object space 130048K, 16% used [0x0000000702c00000,0x000000070405fd40,0x000000070ab00000)
 Metaspace       used 17027K, capacity 17410K, committed 17536K, reserved 1064960K
  class space    used 1966K, capacity 2087K, committed 2176K, reserved 1048576K
Event: 7.791 GC heap after
Heap after GC invocations=6 (full 0):
 PSYoungGen      total 213504K, used 11859K [0x0000000780f00000, 0x000000078f200000, 0x00000007c0000000)
  eden space 196608K, 0% used [0x0000000780f00000,0x0000000780f00000,0x000000078cf00000)
  from space 16896K, 70% used [0x000000078e180000,0x000000078ed14f68,0x000000078f200000)
  to   space 17920K, 0% used [0x000000078cf00000,0x000000078cf00000,0x000000078e080000)
 ParOldGen       total 130048K, used 20863K [0x0000000702c00000, 0x000000070ab00000, 0x0000000780f00000)
  object space 130048K, 16% used [0x0000000702c00000,0x000000070405fd40,0x000000070ab00000)
 Metaspace       used 17027K, capacity 17410K, committed 17536K, reserved 1064960K
  class space    used 1966K, capacity 2087K, committed 2176K, reserved 1048576K
}
Event: 11.443 GC heap before
{Heap before GC invocations=7 (full 0):
 PSYoungGen      total 213504K, used 139054K [0x0000000780f00000, 0x000000078f200000, 0x00000007c0000000)
  eden space 196608K, 64% used [0x0000000780f00000,0x0000000788b369a8,0x000000078cf00000)
  from space 16896K, 70% used [0x000000078e180000,0x000000078ed14f68,0x000000078f200000)
  to   space 17920K, 0% used [0x000000078cf00000,0x000000078cf00000,0x000000078e080000)
 ParOldGen       total 130048K, used 20863K [0x0000000702c00000, 0x000000070ab00000, 0x0000000780f00000)
  object space 130048K, 16% used [0x0000000702c00000,0x000000070405fd40,0x000000070ab00000)
 Metaspace       used 20564K, capacity 21114K, committed 21296K, reserved 1069056K
  class space    used 2396K, capacity 2572K, committed 2688K, reserved 1048576K
Event: 11.478 GC heap after
Heap after GC invocations=7 (full 0):
 PSYoungGen      total 214528K, used 15998K [0x0000000780f00000, 0x000000078f200000, 0x00000007c0000000)
  eden space 196608K, 0% used [0x0000000780f00000,0x0000000780f00000,0x000000078cf00000)
  from space 17920K, 89% used [0x000000078cf00000,0x000000078de9f880,0x000000078e080000)
  to   space 16896K, 0% used [0x000000078e180000,0x000000078e180000,0x000000078f200000)
 ParOldGen       total 130048K, used 23753K [0x0000000702c00000, 0x000000070ab00000, 0x0000000780f00000)
  object space 130048K, 18% used [0x0000000702c00000,0x0000000704332590,0x000000070ab00000)
 Metaspace       used 20564K, capacity 21114K, committed 21296K, reserved 1069056K
  class space    used 2396K, capacity 2572K, committed 2688K, reserved 1048576K
}
Event: 11.478 GC heap before
{Heap before GC invocations=8 (full 1):
 PSYoungGen      total 214528K, used 15998K [0x0000000780f00000, 0x000000078f200000, 0x00000007c0000000)
  eden space 196608K, 0% used [0x0000000780f00000,0x0000000780f00000,0x000000078cf00000)
  from space 17920K, 89% used [0x000000078cf00000,0x000000078de9f880,0x000000078e080000)
  to   space 16896K, 0% used [0x000000078e180000,0x000000078e180000,0x000000078f200000)
 ParOldGen       total 130048K, used 23753K [0x0000000702c00000, 0x000000070ab00000, 0x0000000780f00000)
  object space 130048K, 18% used [0x0000000702c00000,0x0000000704332590,0x000000070ab00000)
 Metaspace       used 20564K, capacity 21114K, committed 21296K, reserved 1069056K
  class space    used 2396K, capacity 2572K, committed 2688K, reserved 1048576K
Event: 11.738 GC heap after
Heap after GC invocations=8 (full 1):
 PSYoungGen      total 214528K, used 0K [0x0000000780f00000, 0x000000078f200000, 0x00000007c0000000)
  eden space 196608K, 0% used [0x0000000780f00000,0x0000000780f00000,0x000000078cf00000)
  from space 17920K, 0% used [0x000000078cf00000,0x000000078cf00000,0x000000078e080000)
  to   space 16896K, 0% used [0x000000078e180000,0x000000078e180000,0x000000078f200000)
 ParOldGen       total 119296K, used 34729K [0x0000000702c00000, 0x000000070a080000, 0x0000000780f00000)
  object space 119296K, 29% used [0x0000000702c00000,0x0000000704dea5c0,0x000000070a080000)
 Metaspace       used 20564K, capacity 21114K, committed 21296K, reserved 1069056K
  class space    used 2396K, capacity 2572K, committed 2688K, reserved 1048576K
}
Event: 13.692 GC heap before
{Heap before GC invocations=9 (full 1):
 PSYoungGen      total 214528K, used 196608K [0x0000000780f00000, 0x000000078f200000, 0x00000007c0000000)
  eden space 196608K, 100% used [0x0000000780f00000,0x000000078cf00000,0x000000078cf00000)
  from space 17920K, 0% used [0x000000078cf00000,0x000000078cf00000,0x000000078e080000)
  to   space 16896K, 0% used [0x000000078e180000,0x000000078e180000,0x000000078f200000)
 ParOldGen       total 119296K, used 34729K [0x0000000702c00000, 0x000000070a080000, 0x0000000780f00000)
  object space 119296K, 29% used [0x0000000702c00000,0x0000000704dea5c0,0x000000070a080000)
 Metaspace       used 22741K, capacity 23540K, committed 23680K, reserved 1071104K
  class space    used 2651K, capacity 2903K, committed 2944K, reserved 1048576K
Event: 13.712 GC heap after
Heap after GC invocations=9 (full 1):
 PSYoungGen      total 213504K, used 13417K [0x0000000780f00000, 0x0000000794880000, 0x00000007c0000000)
  eden space 196608K, 0% used [0x0000000780f00000,0x0000000780f00000,0x000000078cf00000)
  from space 16896K, 79% used [0x000000078e180000,0x000000078ee9a4d8,0x000000078f200000)
  to   space 18944K, 0% used [0x000000078cf00000,0x000000078cf00000,0x000000078e180000)
 ParOldGen       total 119296K, used 34737K [0x0000000702c00000, 0x000000070a080000, 0x0000000780f00000)
  object space 119296K, 29% used [0x0000000702c00000,0x0000000704dec5c0,0x000000070a080000)
 Metaspace       used 22741K, capacity 23540K, committed 23680K, reserved 1071104K
  class space    used 2651K, capacity 2903K, committed 2944K, reserved 1048576K
}

