# JRE version: Java(TM) SE Runtime Environment (8.0_241-b07) (build 1.8.0_241-b07)
# Java VM: Java HotSpot(TM) 64-Bit Server VM (25.241-b07 mixed mode windows-amd64 compressed oops)
Heap:
 PSYoungGen      total 305152K, used 172105K [0x00000000eab00000, 0x0000000100000000, 0x0000000100000000)
  eden space 292352K, 54% used [0x00000000eab00000,0x00000000f4695750,0x00000000fc880000)
  from space 12800K, 99% used [0x00000000fc880000,0x00000000fd4fcf40,0x00000000fd500000)
  to   space 16384K, 0% used [0x00000000ff000000,0x00000000ff000000,0x0000000100000000)
 ParOldGen       total 102400K, used 23007K [0x00000000c0000000, 0x00000000c6400000, 0x00000000eab00000)
  object space 102400K, 22% used [0x00000000c0000000,0x00000000c1677c30,0x00000000c6400000)
 Metaspace       used 48785K, capacity 51414K, committed 51544K, reserved 1093632K
  class space    used 6472K, capacity 6957K, committed 7040K, reserved 1048576K
GC Heap History (10 events):
Event: 9.288 GC heap before
{Heap before GC invocations=7 (full 1):
 PSYoungGen      total 105984K, used 98294K [0x00000000eab00000, 0x00000000f7c00000, 0x0000000100000000)
  eden space 98304K, 99% used [0x00000000eab00000,0x00000000f0afdb68,0x00000000f0b00000)
  from space 7680K, 0% used [0x00000000f0b00000,0x00000000f0b00000,0x00000000f1280000)
  to   space 8704K, 0% used [0x00000000f7380000,0x00000000f7380000,0x00000000f7c00000)
 ParOldGen       total 67072K, used 6265K [0x00000000c0000000, 0x00000000c4180000, 0x00000000eab00000)
  object space 67072K, 9% used [0x00000000c0000000,0x00000000c061e750,0x00000000c4180000)
 Metaspace       used 25324K, capacity 26368K, committed 26624K, reserved 1073152K
  class space    used 3329K, capacity 3576K, committed 3584K, reserved 1048576K
Event: 9.302 GC heap after
Heap after GC invocations=7 (full 1):
 PSYoungGen      total 179712K, used 6749K [0x00000000eab00000, 0x00000000f7a80000, 0x0000000100000000)
  eden space 172544K, 0% used [0x00000000eab00000,0x00000000eab00000,0x00000000f5380000)
  from space 7168K, 94% used [0x00000000f7380000,0x00000000f7a17750,0x00000000f7a80000)
  to   space 8704K, 0% used [0x00000000f6980000,0x00000000f6980000,0x00000000f7200000)
 ParOldGen       total 67072K, used 6265K [0x00000000c0000000, 0x00000000c4180000, 0x00000000eab00000)
  object space 67072K, 9% used [0x00000000c0000000,0x00000000c061e750,0x00000000c4180000)
 Metaspace       used 25324K, capacity 26368K, committed 26624K, reserved 1073152K
  class space    used 3329K, capacity 3576K, committed 3584K, reserved 1048576K
}
Event: 14.352 GC heap before
{Heap before GC invocations=8 (full 1):
 PSYoungGen      total 179712K, used 179293K [0x00000000eab00000, 0x00000000f7a80000, 0x0000000100000000)
  eden space 172544K, 100% used [0x00000000eab00000,0x00000000f5380000,0x00000000f5380000)
  from space 7168K, 94% used [0x00000000f7380000,0x00000000f7a17750,0x00000000f7a80000)
  to   space 8704K, 0% used [0x00000000f6980000,0x00000000f6980000,0x00000000f7200000)
 ParOldGen       total 67072K, used 6265K [0x00000000c0000000, 0x00000000c4180000, 0x00000000eab00000)
  object space 67072K, 9% used [0x00000000c0000000,0x00000000c061e750,0x00000000c4180000)
 Metaspace       used 28704K, capacity 30058K, committed 30208K, reserved 1075200K
  class space    used 3735K, capacity 4059K, committed 4096K, reserved 1048576K
Event: 14.373 GC heap after
Heap after GC invocations=8 (full 1):
 PSYoungGen      total 203776K, used 8679K [0x00000000eab00000, 0x00000000fdf00000, 0x0000000100000000)
  eden space 195072K, 0% used [0x00000000eab00000,0x00000000eab00000,0x00000000f6980000)
  from space 8704K, 99% used [0x00000000f6980000,0x00000000f71f9c28,0x00000000f7200000)
  to   space 10240K, 0% used [0x00000000fd500000,0x00000000fd500000,0x00000000fdf00000)
 ParOldGen       total 67072K, used 7797K [0x00000000c0000000, 0x00000000c4180000, 0x00000000eab00000)
  object space 67072K, 11% used [0x00000000c0000000,0x00000000c079d640,0x00000000c4180000)
 Metaspace       used 28704K, capacity 30058K, committed 30208K, reserved 1075200K
  class space    used 3735K, capacity 4059K, committed 4096K, reserved 1048576K
}
Event: 18.204 GC heap before
{Heap before GC invocations=9 (full 1):
 PSYoungGen      total 203776K, used 137925K [0x00000000eab00000, 0x00000000fdf00000, 0x0000000100000000)
  eden space 195072K, 66% used [0x00000000eab00000,0x00000000f2937b00,0x00000000f6980000)
  from space 8704K, 99% used [0x00000000f6980000,0x00000000f71f9c28,0x00000000f7200000)
  to   space 10240K, 0% used [0x00000000fd500000,0x00000000fd500000,0x00000000fdf00000)
 ParOldGen       total 67072K, used 7797K [0x00000000c0000000, 0x00000000c4180000, 0x00000000eab00000)
  object space 67072K, 11% used [0x00000000c0000000,0x00000000c079d640,0x00000000c4180000)
 Metaspace       used 33741K, capacity 35344K, committed 35416K, reserved 1079296K
  class space    used 4597K, capacity 4933K, committed 4992K, reserved 1048576K
Event: 18.226 GC heap after
Heap after GC invocations=9 (full 1):
 PSYoungGen      total 302592K, used 10214K [0x00000000eab00000, 0x0000000100000000, 0x0000000100000000)
  eden space 292352K, 0% used [0x00000000eab00000,0x00000000eab00000,0x00000000fc880000)
  from space 10240K, 99% used [0x00000000fd500000,0x00000000fdef9bb0,0x00000000fdf00000)
  to   space 12800K, 0% used [0x00000000fc880000,0x00000000fc880000,0x00000000fd500000)
 ParOldGen       total 67072K, used 11217K [0x00000000c0000000, 0x00000000c4180000, 0x00000000eab00000)
  object space 67072K, 16% used [0x00000000c0000000,0x00000000c0af45c8,0x00000000c4180000)
 Metaspace       used 33741K, capacity 35344K, committed 35416K, reserved 1079296K
  class space    used 4597K, capacity 4933K, committed 4992K, reserved 1048576K
}
Event: 18.226 GC heap before
{Heap before GC invocations=10 (full 2):
 PSYoungGen      total 302592K, used 10214K [0x00000000eab00000, 0x0000000100000000, 0x0000000100000000)
  eden space 292352K, 0% used [0x00000000eab00000,0x00000000eab00000,0x00000000fc880000)
  from space 10240K, 99% used [0x00000000fd500000,0x00000000fdef9bb0,0x00000000fdf00000)
  to   space 12800K, 0% used [0x00000000fc880000,0x00000000fc880000,0x00000000fd500000)
 ParOldGen       total 67072K, used 11217K [0x00000000c0000000, 0x00000000c4180000, 0x00000000eab00000)
  object space 67072K, 16% used [0x00000000c0000000,0x00000000c0af45c8,0x00000000c4180000)
 Metaspace       used 33741K, capacity 35344K, committed 35416K, reserved 1079296K
  class space    used 4597K, capacity 4933K, committed 4992K, reserved 1048576K
Event: 18.330 GC heap after
Heap after GC invocations=10 (full 2):
 PSYoungGen      total 302592K, used 0K [0x00000000eab00000, 0x0000000100000000, 0x0000000100000000)
  eden space 292352K, 0% used [0x00000000eab00000,0x00000000eab00000,0x00000000fc880000)
  from space 10240K, 0% used [0x00000000fd500000,0x00000000fd500000,0x00000000fdf00000)
  to   space 12800K, 0% used [0x00000000fc880000,0x00000000fc880000,0x00000000fd500000)
 ParOldGen       total 102400K, used 17855K [0x00000000c0000000, 0x00000000c6400000, 0x00000000eab00000)
  object space 102400K, 17% used [0x00000000c0000000,0x00000000c116ff20,0x00000000c6400000)
 Metaspace       used 33741K, capacity 35344K, committed 35416K, reserved 1079296K
  class space    used 4597K, capacity 4933K, committed 4992K, reserved 1048576K
}
Event: 25.705 GC heap before
{Heap before GC invocations=11 (full 2):
 PSYoungGen      total 302592K, used 292352K [0x00000000eab00000, 0x0000000100000000, 0x0000000100000000)
  eden space 292352K, 100% used [0x00000000eab00000,0x00000000fc880000,0x00000000fc880000)
  from space 10240K, 0% used [0x00000000fd500000,0x00000000fd500000,0x00000000fdf00000)
  to   space 12800K, 0% used [0x00000000fc880000,0x00000000fc880000,0x00000000fd500000)
 ParOldGen       total 102400K, used 17855K [0x00000000c0000000, 0x00000000c6400000, 0x00000000eab00000)
  object space 102400K, 17% used [0x00000000c0000000,0x00000000c116ff20,0x00000000c6400000)
 Metaspace       used 42952K, capacity 45432K, committed 45656K, reserved 1089536K
  class space    used 5716K, capacity 6160K, committed 6272K, reserved 1048576K
Event: 25.891 GC heap after
Heap after GC invocations=11 (full 2):
 PSYoungGen      total 305152K, used 12787K [0x00000000eab00000, 0x0000000100000000, 0x0000000100000000)
  eden space 292352K, 0% used [0x00000000eab00000,0x00000000eab00000,0x00000000fc880000)
  from space 12800K, 99% used [0x00000000fc880000,0x00000000fd4fcf40,0x00000000fd500000)
  to   space 16384K, 0% used [0x00000000ff000000,0x00000000ff000000,0x0000000100000000)
 ParOldGen       total 102400K, used 23007K [0x00000000c0000000, 0x00000000c6400000, 0x00000000eab00000)
  object space 102400K, 22% used [0x00000000c0000000,0x00000000c1677c30,0x00000000c6400000)
 Metaspace       used 42952K, capacity 45432K, committed 45656K, reserved 1089536K
  class space    used 5716K, capacity 6160K, committed 6272K, reserved 1048576K
}

